<?xml version="1.0" encoding="UTF-8"?>
<!-- Generated by org.testng.reporters.JUnitXMLReporter -->
<testsuite hostname="DESKTOP-H1QP6PC" ignored="2" name="Banking_Application_Test" tests="2" failures="0" timestamp="2021-07-18T13:40:10 IST" time="258.723" errors="0">
  <testcase name="loginTest" time="88.868" classname="com.eBanking.testCases.TC_LoginTest_001"/>
  <testcase name="addNewCustomer" time="27.96" classname="com.eBanking.testCases.TC_AddNewCustomer_003"/>
  <testcase name="@BeforeSuite extentReportSetUp" time="0.0" classname="com.eBanking.testCases.BaseClass">
    <ignored/>
  </testcase> <!-- @BeforeSuite extentReportSetUp -->
  <testcase name="@AfterSuite onFinal" time="0.0" classname="com.eBanking.testCases.BaseClass">
    <ignored/>
  </testcase> <!-- @AfterSuite onFinal -->
</testsuite> <!-- Banking_Application_Test -->
