<?xml version="1.0" encoding="UTF-8"?>
<!-- Generated by org.testng.reporters.JUnitXMLReporter -->
<testsuite hostname="DESKTOP-H1QP6PC" ignored="2" name="Banking_Application_Test" tests="2" failures="0" timestamp="2021-07-25T20:16:55 IST" time="49.893" errors="0">
  <testcase name="loginTest" time="7.556" classname="com.eBanking.testCases.TC_LoginTest_001"/>
  <testcase name="addNewCustomer" time="12.408" classname="com.eBanking.testCases.TC_AddNewCustomer_003"/>
  <testcase name="@BeforeSuite extentReportSetUp" time="0.0" classname="com.eBanking.testCases.BaseClass">
    <ignored/>
  </testcase> <!-- @BeforeSuite extentReportSetUp -->
  <testcase name="@AfterSuite onFinal" time="0.0" classname="com.eBanking.testCases.BaseClass">
    <ignored/>
  </testcase> <!-- @AfterSuite onFinal -->
</testsuite> <!-- Banking_Application_Test -->
