<?xml version="1.0" encoding="UTF-8"?>
<testng-results skipped="0" failed="0" ignored="2" total="4" passed="2">
  <reporter-output>
  </reporter-output>
  <suite name="eBanking_V1" duration-ms="49893" started-at="2021-07-25T20:16:04 IST" finished-at="2021-07-25T20:16:54 IST">
    <groups>
    </groups>
    <test name="Banking_Application_Test" duration-ms="49893" started-at="2021-07-25T20:16:04 IST" finished-at="2021-07-25T20:16:54 IST">
      <class name="com.eBanking.testCases.TC_AddNewCustomer_003">
        <test-method status="PASS" signature="initiateBrowser(java.lang.String)[pri:0, instance:com.eBanking.testCases.TC_AddNewCustomer_003@6e06451e]" name="initiateBrowser" is-config="true" duration-ms="15613" started-at="2021-07-25T20:16:25 IST" finished-at="2021-07-25T20:16:41 IST">
          <params>
            <param index="0">
              <value>
                <![CDATA[chrome]]>
              </value>
            </param>
          </params>
          <reporter-output>
          </reporter-output>
        </test-method> <!-- initiateBrowser -->
        <test-method status="PASS" signature="addNewCustomer()[pri:0, instance:com.eBanking.testCases.TC_AddNewCustomer_003@6e06451e]" name="addNewCustomer" duration-ms="12408" started-at="2021-07-25T20:16:41 IST" finished-at="2021-07-25T20:16:53 IST">
          <reporter-output>
          </reporter-output>
        </test-method> <!-- addNewCustomer -->
        <test-method status="PASS" signature="getResult(org.testng.ITestResult)[pri:0, instance:com.eBanking.testCases.TC_AddNewCustomer_003@6e06451e]" name="getResult" is-config="true" duration-ms="1" started-at="2021-07-25T20:16:53 IST" finished-at="2021-07-25T20:16:53 IST">
          <params>
            <param index="0">
              <value>
                <![CDATA[[TestResult name=addNewCustomer status=SUCCESS method=TC_AddNewCustomer_003.addNewCustomer()[pri:0, instance:com.eBanking.testCases.TC_AddNewCustomer_003@6e06451e] output={null}]]]>
              </value>
            </param>
          </params>
          <reporter-output>
          </reporter-output>
        </test-method> <!-- getResult -->
        <test-method status="PASS" signature="tearDown()[pri:0, instance:com.eBanking.testCases.TC_AddNewCustomer_003@6e06451e]" name="tearDown" is-config="true" duration-ms="1281" started-at="2021-07-25T20:16:53 IST" finished-at="2021-07-25T20:16:54 IST">
          <reporter-output>
          </reporter-output>
        </test-method> <!-- tearDown -->
      </class> <!-- com.eBanking.testCases.TC_AddNewCustomer_003 -->
      <class name="com.eBanking.testCases.TC_LoginTest_001">
        <test-method status="PASS" signature="extentReportSetUp()[pri:0, instance:com.eBanking.testCases.TC_LoginTest_001@31a5c39e]" name="extentReportSetUp" is-config="true" duration-ms="376" started-at="2021-07-25T20:16:04 IST" finished-at="2021-07-25T20:16:04 IST">
          <reporter-output>
          </reporter-output>
        </test-method> <!-- extentReportSetUp -->
        <test-method status="PASS" signature="initiateBrowser(java.lang.String)[pri:0, instance:com.eBanking.testCases.TC_LoginTest_001@31a5c39e]" name="initiateBrowser" is-config="true" duration-ms="12038" started-at="2021-07-25T20:16:04 IST" finished-at="2021-07-25T20:16:16 IST">
          <params>
            <param index="0">
              <value>
                <![CDATA[chrome]]>
              </value>
            </param>
          </params>
          <reporter-output>
          </reporter-output>
        </test-method> <!-- initiateBrowser -->
        <test-method status="PASS" signature="loginTest()[pri:0, instance:com.eBanking.testCases.TC_LoginTest_001@31a5c39e]" name="loginTest" duration-ms="7556" started-at="2021-07-25T20:16:16 IST" finished-at="2021-07-25T20:16:24 IST">
          <reporter-output>
          </reporter-output>
        </test-method> <!-- loginTest -->
        <test-method status="PASS" signature="getResult(org.testng.ITestResult)[pri:0, instance:com.eBanking.testCases.TC_LoginTest_001@31a5c39e]" name="getResult" is-config="true" duration-ms="49" started-at="2021-07-25T20:16:24 IST" finished-at="2021-07-25T20:16:24 IST">
          <params>
            <param index="0">
              <value>
                <![CDATA[[TestResult name=loginTest status=SUCCESS method=TC_LoginTest_001.loginTest()[pri:0, instance:com.eBanking.testCases.TC_LoginTest_001@31a5c39e] output={null}]]]>
              </value>
            </param>
          </params>
          <reporter-output>
          </reporter-output>
        </test-method> <!-- getResult -->
        <test-method status="PASS" signature="tearDown()[pri:0, instance:com.eBanking.testCases.TC_LoginTest_001@31a5c39e]" name="tearDown" is-config="true" duration-ms="809" started-at="2021-07-25T20:16:24 IST" finished-at="2021-07-25T20:16:25 IST">
          <reporter-output>
          </reporter-output>
        </test-method> <!-- tearDown -->
        <test-method status="PASS" signature="onFinal()[pri:0, instance:com.eBanking.testCases.TC_LoginTest_001@31a5c39e]" name="onFinal" is-config="true" duration-ms="2026" started-at="2021-07-25T20:16:55 IST" finished-at="2021-07-25T20:16:57 IST">
          <reporter-output>
          </reporter-output>
        </test-method> <!-- onFinal -->
      </class> <!-- com.eBanking.testCases.TC_LoginTest_001 -->
    </test> <!-- Banking_Application_Test -->
  </suite> <!-- eBanking_V1 -->
</testng-results>
