<?xml version="1.0" encoding="UTF-8"?>
<testng-results skipped="0" failed="0" ignored="2" total="4" passed="2">
  <reporter-output>
  </reporter-output>
  <suite name="eBanking_V1" duration-ms="258723" started-at="2021-07-18T13:35:51 IST" finished-at="2021-07-18T13:40:09 IST">
    <groups>
    </groups>
    <test name="Banking_Application_Test" duration-ms="258723" started-at="2021-07-18T13:35:51 IST" finished-at="2021-07-18T13:40:09 IST">
      <class name="com.eBanking.testCases.TC_AddNewCustomer_003">
        <test-method status="PASS" signature="setup(java.lang.String)[pri:0, instance:com.eBanking.testCases.TC_AddNewCustomer_003@fcd6521]" name="setup" is-config="true" duration-ms="35053" started-at="2021-07-18T13:39:03 IST" finished-at="2021-07-18T13:39:38 IST">
          <params>
            <param index="0">
              <value>
                <![CDATA[chrome]]>
              </value>
            </param>
          </params>
          <reporter-output>
          </reporter-output>
        </test-method> <!-- setup -->
        <test-method status="PASS" signature="addNewCustomer()[pri:0, instance:com.eBanking.testCases.TC_AddNewCustomer_003@fcd6521]" name="addNewCustomer" duration-ms="27960" started-at="2021-07-18T13:39:38 IST" finished-at="2021-07-18T13:40:06 IST">
          <reporter-output>
          </reporter-output>
        </test-method> <!-- addNewCustomer -->
        <test-method status="PASS" signature="getResult(org.testng.ITestResult)[pri:0, instance:com.eBanking.testCases.TC_AddNewCustomer_003@fcd6521]" name="getResult" is-config="true" duration-ms="2" started-at="2021-07-18T13:40:06 IST" finished-at="2021-07-18T13:40:06 IST">
          <params>
            <param index="0">
              <value>
                <![CDATA[[TestResult name=addNewCustomer status=SUCCESS method=TC_AddNewCustomer_003.addNewCustomer()[pri:0, instance:com.eBanking.testCases.TC_AddNewCustomer_003@fcd6521] output={null}]]]>
              </value>
            </param>
          </params>
          <reporter-output>
          </reporter-output>
        </test-method> <!-- getResult -->
        <test-method status="PASS" signature="tearDown()[pri:0, instance:com.eBanking.testCases.TC_AddNewCustomer_003@fcd6521]" name="tearDown" is-config="true" duration-ms="3587" started-at="2021-07-18T13:40:06 IST" finished-at="2021-07-18T13:40:09 IST">
          <reporter-output>
          </reporter-output>
        </test-method> <!-- tearDown -->
      </class> <!-- com.eBanking.testCases.TC_AddNewCustomer_003 -->
      <class name="com.eBanking.testCases.TC_LoginTest_001">
        <test-method status="PASS" signature="extentReportSetUp()[pri:0, instance:com.eBanking.testCases.TC_LoginTest_001@727803de]" name="extentReportSetUp" is-config="true" duration-ms="1418" started-at="2021-07-18T13:35:49 IST" finished-at="2021-07-18T13:35:51 IST">
          <reporter-output>
          </reporter-output>
        </test-method> <!-- extentReportSetUp -->
        <test-method status="PASS" signature="setup(java.lang.String)[pri:0, instance:com.eBanking.testCases.TC_LoginTest_001@727803de]" name="setup" is-config="true" duration-ms="85829" started-at="2021-07-18T13:35:51 IST" finished-at="2021-07-18T13:37:17 IST">
          <params>
            <param index="0">
              <value>
                <![CDATA[chrome]]>
              </value>
            </param>
          </params>
          <reporter-output>
          </reporter-output>
        </test-method> <!-- setup -->
        <test-method status="PASS" signature="loginTest()[pri:0, instance:com.eBanking.testCases.TC_LoginTest_001@727803de]" name="loginTest" duration-ms="88868" started-at="2021-07-18T13:37:17 IST" finished-at="2021-07-18T13:38:46 IST">
          <reporter-output>
          </reporter-output>
        </test-method> <!-- loginTest -->
        <test-method status="PASS" signature="getResult(org.testng.ITestResult)[pri:0, instance:com.eBanking.testCases.TC_LoginTest_001@727803de]" name="getResult" is-config="true" duration-ms="56" started-at="2021-07-18T13:38:46 IST" finished-at="2021-07-18T13:38:46 IST">
          <params>
            <param index="0">
              <value>
                <![CDATA[[TestResult name=loginTest status=SUCCESS method=TC_LoginTest_001.loginTest()[pri:0, instance:com.eBanking.testCases.TC_LoginTest_001@727803de] output={null}]]]>
              </value>
            </param>
          </params>
          <reporter-output>
          </reporter-output>
        </test-method> <!-- getResult -->
        <test-method status="PASS" signature="tearDown()[pri:0, instance:com.eBanking.testCases.TC_LoginTest_001@727803de]" name="tearDown" is-config="true" duration-ms="17161" started-at="2021-07-18T13:38:46 IST" finished-at="2021-07-18T13:39:03 IST">
          <reporter-output>
          </reporter-output>
        </test-method> <!-- tearDown -->
        <test-method status="PASS" signature="onFinal()[pri:0, instance:com.eBanking.testCases.TC_LoginTest_001@727803de]" name="onFinal" is-config="true" duration-ms="3314" started-at="2021-07-18T13:40:10 IST" finished-at="2021-07-18T13:40:13 IST">
          <reporter-output>
          </reporter-output>
        </test-method> <!-- onFinal -->
      </class> <!-- com.eBanking.testCases.TC_LoginTest_001 -->
    </test> <!-- Banking_Application_Test -->
  </suite> <!-- eBanking_V1 -->
</testng-results>
